#
# There is insufficient memory for the Java Runtime Environment to continue.
# Native memory allocation (malloc) failed to allocate 62960 bytes for Chunk::new
# Possible reasons:
#   The system is out of physical RAM or swap space
#   The process is running with CompressedOops enabled, and the Java Heap may be blocking the growth of the native heap
# Possible solutions:
#   Reduce memory load on the system
#   Increase physical memory or swap space
#   Check if swap backing store is full
#   Decrease Java heap size (-Xmx/-Xms)
#   Decrease number of Java threads
#   Decrease Java thread stack sizes (-Xss)
#   Set larger code cache with -XX:ReservedCodeCacheSize=
#   JVM is running with Unscaled Compressed Oops mode in which the Java heap is
#     placed in the first 4GB address space. The Java Heap base address is the
#     maximum limit for the native heap growth. Please use -XX:HeapBaseMinAddress
#     to set the Java Heap base and to place the Java Heap above 4GB virtual address.
# This output file may be truncated or incomplete.
#
#  Out of Memory Error (t:/workspace/open/src/hotspot/share/memory/arena.cpp:197), pid=10588, tid=13828
#
# JRE version:  (11.0.2+9) (build )
# Java VM: Java HotSpot(TM) 64-Bit Server VM (11.0.2+9-LTS, mixed mode, tiered, compressed oops, g1 gc, windows-amd64)
# No core dump will be written. Minidumps are not enabled by default on client versions of Windows
#

---------------  S U M M A R Y ------------

Command Line: -Dclassworlds.conf=C:\Program Files\NetBeans-11.1\netbeans\java\maven\bin\m2.conf -Dmaven.home=C:\Program Files\NetBeans-11.1\netbeans\java\maven -Dmaven.multiModuleProjectDirectory=C:\Users\Sarah\Desktop\banksim-multithreading-02-noshin-taraska-team org.codehaus.plexus.classworlds.launcher.Launcher -Dmaven.ext.class.path=C:\Program Files\NetBeans-11.1\netbeans\java\maven-nblib\netbeans-eventspy.jar -Dfile.encoding=UTF-8 install

Host: Intel(R) Celeron(R) N4000 CPU @ 1.10GHz, 2 cores, 3G,  Windows 10 , 64 bit Build 18362 (10.0.18362.329)
Time: Mon Feb 24 18:13:28 2020 Eastern Standard Time elapsed time: 0 seconds (0d 0h 0m 0s)

---------------  T H R E A D  ---------------

Current thread (0x00000273c86c2000):  JavaThread "main" [_thread_in_vm, id=13828, stack(0x0000009b3e600000,0x0000009b3e700000)]

Stack: [0x0000009b3e600000,0x0000009b3e700000]
Native frames: (J=compiled Java code, j=interpreted, Vv=VM code, C=native code)
V  [jvm.dll+0x63574a]
V  [jvm.dll+0x77326f]
V  [jvm.dll+0x77491a]
V  [jvm.dll+0x774fd3]
V  [jvm.dll+0x25e418]
V  [jvm.dll+0xc2141]
V  [jvm.dll+0xc26dc]
V  [jvm.dll+0x1e3fdd]
V  [jvm.dll+0x1e344e]
V  [jvm.dll+0x70dcb1]
V  [jvm.dll+0x70f0d1]
V  [jvm.dll+0x70f313]
V  [jvm.dll+0x257a08]
V  [jvm.dll+0x257c42]
V  [jvm.dll+0x531df8]
V  [jvm.dll+0x534a37]
V  [jvm.dll+0x38ac5b]
V  [jvm.dll+0x38a323]
C  0x00000273d221d7eb

Java frames: (J=compiled Java code, j=interpreted, Vv=VM code)
j  java.lang.StringLatin1.newString([BII)Ljava/lang/String;+9 java.base
j  java.lang.StringBuilder.toString()Ljava/lang/String;+16 java.base
j  sun.nio.cs.StandardCharsets.toLower(Ljava/lang/String;)Ljava/lang/String;+121 java.base
j  sun.nio.cs.StandardCharsets.lookup(Ljava/lang/String;)Ljava/nio/charset/Charset;+48 java.base
j  sun.nio.cs.StandardCharsets.charsetForName(Ljava/lang/String;)Ljava/nio/charset/Charset;+6 java.base
j  java.nio.charset.Charset.lookup2(Ljava/lang/String;)Ljava/nio/charset/Charset;+39 java.base
j  java.nio.charset.Charset.lookup(Ljava/lang/String;)Ljava/nio/charset/Charset;+40 java.base
j  java.nio.charset.Charset.defaultCharset()Ljava/nio/charset/Charset;+18 java.base
j  sun.nio.cs.StreamEncoder.forOutputStreamWriter(Ljava/io/OutputStream;Ljava/lang/Object;Ljava/lang/String;)Lsun/nio/cs/StreamEncoder;+6 java.base
j  java.io.OutputStreamWriter.<init>(Ljava/io/OutputStream;)V+12 java.base
j  java.io.PrintStream.<init>(ZLjava/io/OutputStream;)V+26 java.base
j  java.io.PrintStream.<init>(Ljava/io/OutputStream;Z)V+11 java.base
j  java.lang.System.newPrintStream(Ljava/io/FileOutputStream;Ljava/lang/String;)Ljava/io/PrintStream;+42 java.base
j  java.lang.System.initPhase1()V+96 java.base
v  ~StubRoutines::call_stub

---------------  P R O C E S S  ---------------

Threads class SMR info:
_java_thread_list=0x00000273e65d8c30, length=3, elements={
0x00000273c86c2000, 0x00000273e6601000, 0x00000273e660b000
}

Java Threads: ( => current thread )
=>0x00000273c86c2000 JavaThread "main" [_thread_in_vm, id=13828, stack(0x0000009b3e600000,0x0000009b3e700000)]
  0x00000273e6601000 JavaThread "Reference Handler" daemon [_thread_blocked, id=17964, stack(0x0000009b3ed00000,0x0000009b3ee00000)]
  0x00000273e660b000 JavaThread "Finalizer" daemon [_thread_blocked, id=21644, stack(0x0000009b3ee00000,0x0000009b3ef00000)]

Other Threads:
  0x00000273e65dd000 VMThread "VM Thread" [stack: 0x0000009b3ec00000,0x0000009b3ed00000] [id=1696]
  0x00000273c86d8800 GCTaskThread "GC Thread#0" [stack: 0x0000009b3e700000,0x0000009b3e800000] [id=26536]
  0x00000273c86f3000 ConcurrentGCThread "G1 Main Marker" [stack: 0x0000009b3e800000,0x0000009b3e900000] [id=7204]
  0x00000273c86f5800 ConcurrentGCThread "G1 Conc#0" [stack: 0x0000009b3e900000,0x0000009b3ea00000] [id=12348]
  0x00000273c8732800 ConcurrentGCThread "G1 Refine#0" [stack: 0x0000009b3ea00000,0x0000009b3eb00000] [id=11776]
  0x00000273c8735800 ConcurrentGCThread "G1 Young RemSet Sampling" [stack: 0x0000009b3eb00000,0x0000009b3ec00000] [id=20280]

Threads with active compile tasks:

VM state:not at safepoint (normal execution)

VM Mutex/Monitor currently owned by a thread: None

Heap address: 0x00000000c2c00000, size: 980 MB, Compressed Oops mode: 32-bit
Narrow klass base: 0x0000000000000000, Narrow klass shift: 3
Compressed class space size: 1073741824 Address: 0x0000000100000000

Heap:
 garbage-first heap   total 63488K, used 0K [0x00000000c2c00000, 0x0000000100000000)
  region size 1024K, 1 young (1024K), 0 survivors (0K)
 Metaspace       used 1873K, capacity 2120K, committed 2176K, reserved 1060864K
  class space    used 151K, capacity 384K, committed 384K, reserved 1048576K
Heap Regions: E=young(eden), S=young(survivor), O=old, HS=humongous(starts), HC=humongous(continues), CS=collection set, F=free, A=archive, TAMS=top-at-mark-start (previous, next)
|   0|0x00000000c2c00000, 0x00000000c2c00000, 0x00000000c2d00000|  0%| F|  |TAMS 0x00000000c2c00000, 0x00000000c2c00000| Untracked 
|   1|0x00000000c2d00000, 0x00000000c2d00000, 0x00000000c2e00000|  0%| F|  |TAMS 0x00000000c2d00000, 0x00000000c2d00000| Untracked 
|   2|0x00000000c2e00000, 0x00000000c2e00000, 0x00000000c2f00000|  0%| F|  |TAMS 0x00000000c2e00000, 0x00000000c2e00000| Untracked 
|   3|0x00000000c2f00000, 0x00000000c2f00000, 0x00000000c3000000|  0%| F|  |TAMS 0x00000000c2f00000, 0x00000000c2f00000| Untracked 
|   4|0x00000000c3000000, 0x00000000c3000000, 0x00000000c3100000|  0%| F|  |TAMS 0x00000000c3000000, 0x00000000c3000000| Untracked 
|   5|0x00000000c3100000, 0x00000000c3100000, 0x00000000c3200000|  0%| F|  |TAMS 0x00000000c3100000, 0x00000000c3100000| Untracked 
|   6|0x00000000c3200000, 0x00000000c3200000, 0x00000000c3300000|  0%| F|  |TAMS 0x00000000c3200000, 0x00000000c3200000| Untracked 
|   7|0x00000000c3300000, 0x00000000c3300000, 0x00000000c3400000|  0%| F|  |TAMS 0x00000000c3300000, 0x00000000c3300000| Untracked 
|   8|0x00000000c3400000, 0x00000000c3400000, 0x00000000c3500000|  0%| F|  |TAMS 0x00000000c3400000, 0x00000000c3400000| Untracked 
|   9|0x00000000c3500000, 0x00000000c3500000, 0x00000000c3600000|  0%| F|  |TAMS 0x00000000c3500000, 0x00000000c3500000| Untracked 
|  10|0x00000000c3600000, 0x00000000c3600000, 0x00000000c3700000|  0%| F|  |TAMS 0x00000000c3600000, 0x00000000c3600000| Untracked 
|  11|0x00000000c3700000, 0x00000000c3700000, 0x00000000c3800000|  0%| F|  |TAMS 0x00000000c3700000, 0x00000000c3700000| Untracked 
|  12|0x00000000c3800000, 0x00000000c3800000, 0x00000000c3900000|  0%| F|  |TAMS 0x00000000c3800000, 0x00000000c3800000| Untracked 
|  13|0x00000000c3900000, 0x00000000c3900000, 0x00000000c3a00000|  0%| F|  |TAMS 0x00000000c3900000, 0x00000000c3900000| Untracked 
|  14|0x00000000c3a00000, 0x00000000c3a00000, 0x00000000c3b00000|  0%| F|  |TAMS 0x00000000c3a00000, 0x00000000c3a00000| Untracked 
|  15|0x00000000c3b00000, 0x00000000c3b00000, 0x00000000c3c00000|  0%| F|  |TAMS 0x00000000c3b00000, 0x00000000c3b00000| Untracked 
|  16|0x00000000c3c00000, 0x00000000c3c00000, 0x00000000c3d00000|  0%| F|  |TAMS 0x00000000c3c00000, 0x00000000c3c00000| Untracked 
|  17|0x00000000c3d00000, 0x00000000c3d00000, 0x00000000c3e00000|  0%| F|  |TAMS 0x00000000c3d00000, 0x00000000c3d00000| Untracked 
|  18|0x00000000c3e00000, 0x00000000c3e00000, 0x00000000c3f00000|  0%| F|  |TAMS 0x00000000c3e00000, 0x00000000c3e00000| Untracked 
|  19|0x00000000c3f00000, 0x00000000c3f00000, 0x00000000c4000000|  0%| F|  |TAMS 0x00000000c3f00000, 0x00000000c3f00000| Untracked 
|  20|0x00000000c4000000, 0x00000000c4000000, 0x00000000c4100000|  0%| F|  |TAMS 0x00000000c4000000, 0x00000000c4000000| Untracked 
|  21|0x00000000c4100000, 0x00000000c4100000, 0x00000000c4200000|  0%| F|  |TAMS 0x00000000c4100000, 0x00000000c4100000| Untracked 
|  22|0x00000000c4200000, 0x00000000c4200000, 0x00000000c4300000|  0%| F|  |TAMS 0x00000000c4200000, 0x00000000c4200000| Untracked 
|  23|0x00000000c4300000, 0x00000000c4300000, 0x00000000c4400000|  0%| F|  |TAMS 0x00000000c4300000, 0x00000000c4300000| Untracked 
|  24|0x00000000c4400000, 0x00000000c4400000, 0x00000000c4500000|  0%| F|  |TAMS 0x00000000c4400000, 0x00000000c4400000| Untracked 
|  25|0x00000000c4500000, 0x00000000c4500000, 0x00000000c4600000|  0%| F|  |TAMS 0x00000000c4500000, 0x00000000c4500000| Untracked 
|  26|0x00000000c4600000, 0x00000000c4600000, 0x00000000c4700000|  0%| F|  |TAMS 0x00000000c4600000, 0x00000000c4600000| Untracked 
|  27|0x00000000c4700000, 0x00000000c4700000, 0x00000000c4800000|  0%| F|  |TAMS 0x00000000c4700000, 0x00000000c4700000| Untracked 
|  28|0x00000000c4800000, 0x00000000c4800000, 0x00000000c4900000|  0%| F|  |TAMS 0x00000000c4800000, 0x00000000c4800000| Untracked 
|  29|0x00000000c4900000, 0x00000000c4900000, 0x00000000c4a00000|  0%| F|  |TAMS 0x00000000c4900000, 0x00000000c4900000| Untracked 
|  30|0x00000000c4a00000, 0x00000000c4a00000, 0x00000000c4b00000|  0%| F|  |TAMS 0x00000000c4a00000, 0x00000000c4a00000| Untracked 
|  31|0x00000000c4b00000, 0x00000000c4b00000, 0x00000000c4c00000|  0%| F|  |TAMS 0x00000000c4b00000, 0x00000000c4b00000| Untracked 
|  32|0x00000000c4c00000, 0x00000000c4c00000, 0x00000000c4d00000|  0%| F|  |TAMS 0x00000000c4c00000, 0x00000000c4c00000| Untracked 
|  33|0x00000000c4d00000, 0x00000000c4d00000, 0x00000000c4e00000|  0%| F|  |TAMS 0x00000000c4d00000, 0x00000000c4d00000| Untracked 
|  34|0x00000000c4e00000, 0x00000000c4e00000, 0x00000000c4f00000|  0%| F|  |TAMS 0x00000000c4e00000, 0x00000000c4e00000| Untracked 
|  35|0x00000000c4f00000, 0x00000000c4f00000, 0x00000000c5000000|  0%| F|  |TAMS 0x00000000c4f00000, 0x00000000c4f00000| Untracked 
|  36|0x00000000c5000000, 0x00000000c5000000, 0x00000000c5100000|  0%| F|  |TAMS 0x00000000c5000000, 0x00000000c5000000| Untracked 
|  37|0x00000000c5100000, 0x00000000c5100000, 0x00000000c5200000|  0%| F|  |TAMS 0x00000000c5100000, 0x00000000c5100000| Untracked 
|  38|0x00000000c5200000, 0x00000000c5200000, 0x00000000c5300000|  0%| F|  |TAMS 0x00000000c5200000, 0x00000000c5200000| Untracked 
|  39|0x00000000c5300000, 0x00000000c5300000, 0x00000000c5400000|  0%| F|  |TAMS 0x00000000c5300000, 0x00000000c5300000| Untracked 
|  40|0x00000000c5400000, 0x00000000c5400000, 0x00000000c5500000|  0%| F|  |TAMS 0x00000000c5400000, 0x00000000c5400000| Untracked 
|  41|0x00000000c5500000, 0x00000000c5500000, 0x00000000c5600000|  0%| F|  |TAMS 0x00000000c5500000, 0x00000000c5500000| Untracked 
|  42|0x00000000c5600000, 0x00000000c5600000, 0x00000000c5700000|  0%| F|  |TAMS 0x00000000c5600000, 0x00000000c5600000| Untracked 
|  43|0x00000000c5700000, 0x00000000c5700000, 0x00000000c5800000|  0%| F|  |TAMS 0x00000000c5700000, 0x00000000c5700000| Untracked 
|  44|0x00000000c5800000, 0x00000000c5800000, 0x00000000c5900000|  0%| F|  |TAMS 0x00000000c5800000, 0x00000000c5800000| Untracked 
|  45|0x00000000c5900000, 0x00000000c5900000, 0x00000000c5a00000|  0%| F|  |TAMS 0x00000000c5900000, 0x00000000c5900000| Untracked 
|  46|0x00000000c5a00000, 0x00000000c5a00000, 0x00000000c5b00000|  0%| F|  |TAMS 0x00000000c5a00000, 0x00000000c5a00000| Untracked 
|  47|0x00000000c5b00000, 0x00000000c5b00000, 0x00000000c5c00000|  0%| F|  |TAMS 0x00000000c5b00000, 0x00000000c5b00000| Untracked 
|  48|0x00000000c5c00000, 0x00000000c5c00000, 0x00000000c5d00000|  0%| F|  |TAMS 0x00000000c5c00000, 0x00000000c5c00000| Untracked 
|  49|0x00000000c5d00000, 0x00000000c5d00000, 0x00000000c5e00000|  0%| F|  |TAMS 0x00000000c5d00000, 0x00000000c5d00000| Untracked 
|  50|0x00000000c5e00000, 0x00000000c5e00000, 0x00000000c5f00000|  0%| F|  |TAMS 0x00000000c5e00000, 0x00000000c5e00000| Untracked 
|  51|0x00000000c5f00000, 0x00000000c5f00000, 0x00000000c6000000|  0%| F|  |TAMS 0x00000000c5f00000, 0x00000000c5f00000| Untracked 
|  52|0x00000000c6000000, 0x00000000c6000000, 0x00000000c6100000|  0%| F|  |TAMS 0x00000000c6000000, 0x00000000c6000000| Untracked 
|  53|0x00000000c6100000, 0x00000000c6100000, 0x00000000c6200000|  0%| F|  |TAMS 0x00000000c6100000, 0x00000000c6100000| Untracked 
|  54|0x00000000c6200000, 0x00000000c6200000, 0x00000000c6300000|  0%| F|  |TAMS 0x00000000c6200000, 0x00000000c6200000| Untracked 
|  55|0x00000000c6300000, 0x00000000c6300000, 0x00000000c6400000|  0%| F|  |TAMS 0x00000000c6300000, 0x00000000c6300000| Untracked 
|  56|0x00000000c6400000, 0x00000000c6400000, 0x00000000c6500000|  0%| F|  |TAMS 0x00000000c6400000, 0x00000000c6400000| Untracked 
|  57|0x00000000c6500000, 0x00000000c6500000, 0x00000000c6600000|  0%| F|  |TAMS 0x00000000c6500000, 0x00000000c6500000| Untracked 
|  58|0x00000000c6600000, 0x00000000c6600000, 0x00000000c6700000|  0%| F|  |TAMS 0x00000000c6600000, 0x00000000c6600000| Untracked 
|  59|0x00000000c6700000, 0x00000000c6700000, 0x00000000c6800000|  0%| F|  |TAMS 0x00000000c6700000, 0x00000000c6700000| Untracked 
|  60|0x00000000c6800000, 0x00000000c6800000, 0x00000000c6900000|  0%| F|  |TAMS 0x00000000c6800000, 0x00000000c6800000| Untracked 
|  61|0x00000000c6900000, 0x00000000c6947bb0, 0x00000000c6a00000| 28%| E|  |TAMS 0x00000000c6900000, 0x00000000c6900000| Complete 

Card table byte_map: [0x00000273e1800000,0x00000273e19f0000] _byte_map_base: 0x00000273e11ea000

Marking Bits (Prev, Next): (CMBitMap*) 0x00000273c86ee728, (CMBitMap*) 0x00000273c86ee760
 Prev Bits: [0x00000273e1be0000, 0x00000273e2b30000)
 Next Bits: [0x00000273e2b30000, 0x00000273e3a80000)

Polling page: 0x00000273c8530000

Metaspace:

Usage:
  Non-class:      1.70 MB capacity,     1.68 MB (>99%) used,    12.45 KB ( <1%) free+waste,     1.81 KB ( <1%) overhead. 
      Class:    384.00 KB capacity,   151.45 KB ( 39%) used,   232.48 KB ( 61%) free+waste,    64 bytes ( <1%) overhead. 
       Both:      2.07 MB capacity,     1.83 MB ( 88%) used,   244.94 KB ( 12%) free+waste,     1.88 KB ( <1%) overhead. 

Virtual space:
  Non-class space:       12.00 MB reserved,       1.75 MB ( 15%) committed 
      Class space:        1.00 GB reserved,     384.00 KB ( <1%) committed 
             Both:        1.01 GB reserved,       2.13 MB ( <1%) committed 

Chunk freelists:
   Non-Class:  7.00 KB
       Class:  0 bytes
        Both:  7.00 KB

CodeHeap 'non-profiled nmethods': size=120064Kb used=0Kb max_used=0Kb free=120064Kb
 bounds [0x00000273d9cc0000, 0x00000273d9f30000, 0x00000273e1200000]
CodeHeap 'profiled nmethods': size=120000Kb used=0Kb max_used=0Kb free=120000Kb
 bounds [0x00000273d2790000, 0x00000273d2a00000, 0x00000273d9cc0000]
CodeHeap 'non-nmethods': size=5696Kb used=358Kb max_used=358Kb free=5337Kb
 bounds [0x00000273d2200000, 0x00000273d2470000, 0x00000273d2790000]
 total_blobs=150 nmethods=0 adapters=108
 compilation: enabled
              stopped_count=0, restarted_count=0
 full_count=0

Compilation events (0 events):
No events

GC Heap History (0 events):
No events

Deoptimization events (0 events):
No events

Classes redefined (0 events):
No events

Internal exceptions (0 events):
No events

Events (10 events):
Event: 0.083 loading class java/nio/charset/spi/CharsetProvider
Event: 0.083 loading class java/nio/charset/spi/CharsetProvider done
Event: 0.083 loading class sun/nio/cs/StandardCharsets done
Event: 0.083 loading class java/lang/ThreadLocal
Event: 0.084 loading class java/lang/ThreadLocal done
Event: 0.084 loading class java/util/concurrent/atomic/AtomicInteger
Event: 0.084 loading class java/util/concurrent/atomic/AtomicInteger done
Event: 0.084 loading class sun/security/action/GetPropertyAction
Event: 0.084 loading class sun/security/action/GetPropertyAction done
Event: 0.085 loading class java/util/Arrays


Dynamic libraries:
0x00007ff7c4e00000 - 0x00007ff7c4e47000 	C:\Program Files\Java\jdk-11.0.2\bin\java.exe
0x00007ffa6e440000 - 0x00007ffa6e630000 	C:\WINDOWS\SYSTEM32\ntdll.dll
0x00007ffa6dc40000 - 0x00007ffa6dcf2000 	C:\WINDOWS\System32\KERNEL32.DLL
0x00007ffa6c040000 - 0x00007ffa6c2e3000 	C:\WINDOWS\System32\KERNELBASE.dll
0x00007ffa6ce70000 - 0x00007ffa6cf13000 	C:\WINDOWS\System32\ADVAPI32.dll
0x00007ffa6cc30000 - 0x00007ffa6ccce000 	C:\WINDOWS\System32\msvcrt.dll
0x00007ffa6c550000 - 0x00007ffa6c5e7000 	C:\WINDOWS\System32\sechost.dll
0x00007ffa6dd00000 - 0x00007ffa6de20000 	C:\WINDOWS\System32\RPCRT4.dll
0x00007ffa6ccd0000 - 0x00007ffa6ce64000 	C:\WINDOWS\System32\USER32.dll
0x00007ffa6c010000 - 0x00007ffa6c031000 	C:\WINDOWS\System32\win32u.dll
0x00007ffa6de20000 - 0x00007ffa6de46000 	C:\WINDOWS\System32\GDI32.dll
0x00007ffa6b500000 - 0x00007ffa6b694000 	C:\WINDOWS\System32\gdi32full.dll
0x00007ffa6c450000 - 0x00007ffa6c4ee000 	C:\WINDOWS\System32\msvcp_win.dll
0x00007ffa6c2f0000 - 0x00007ffa6c3ea000 	C:\WINDOWS\System32\ucrtbase.dll
0x00007ffa55e80000 - 0x00007ffa56105000 	C:\WINDOWS\WinSxS\amd64_microsoft.windows.common-controls_6595b64144ccf1df_6.0.18362.592_none_e6c0b1911312be02\COMCTL32.dll
0x00007ffa6d0d0000 - 0x00007ffa6d406000 	C:\WINDOWS\System32\combase.dll
0x00007ffa6b480000 - 0x00007ffa6b500000 	C:\WINDOWS\System32\bcryptPrimitives.dll
0x00007ffa58ea0000 - 0x00007ffa58eaa000 	C:\WINDOWS\SYSTEM32\VERSION.dll
0x00007ffa6d520000 - 0x00007ffa6d54e000 	C:\WINDOWS\System32\IMM32.DLL
0x00007ffa5f6c0000 - 0x00007ffa5f6d6000 	C:\Program Files\Java\jdk-11.0.2\bin\vcruntime140.dll
0x00007ffa43520000 - 0x00007ffa435ca000 	C:\Program Files\Java\jdk-11.0.2\bin\msvcp140.dll
0x00007ffa11cc0000 - 0x00007ffa127e7000 	C:\Program Files\Java\jdk-11.0.2\bin\server\jvm.dll
0x00007ffa6e2c0000 - 0x00007ffa6e2c8000 	C:\WINDOWS\System32\PSAPI.DLL
0x00007ffa69880000 - 0x00007ffa69889000 	C:\WINDOWS\SYSTEM32\WSOCK32.dll
0x00007ffa6cff0000 - 0x00007ffa6d05f000 	C:\WINDOWS\System32\WS2_32.dll
0x00007ffa68cd0000 - 0x00007ffa68cf4000 	C:\WINDOWS\SYSTEM32\WINMM.dll
0x00007ffa68ca0000 - 0x00007ffa68ccd000 	C:\WINDOWS\SYSTEM32\WINMMBASE.dll
0x00007ffa6bfc0000 - 0x00007ffa6c00a000 	C:\WINDOWS\System32\cfgmgr32.dll
0x00007ffa6b320000 - 0x00007ffa6b331000 	C:\WINDOWS\System32\kernel.appcore.dll
0x00007ffa5de20000 - 0x00007ffa5de31000 	C:\Program Files\Java\jdk-11.0.2\bin\verify.dll
0x00007ffa69c50000 - 0x00007ffa69e44000 	C:\WINDOWS\SYSTEM32\DBGHELP.DLL
0x00007ffa56860000 - 0x00007ffa5688a000 	C:\WINDOWS\SYSTEM32\dbgcore.DLL
0x00007ffa53850000 - 0x00007ffa53879000 	C:\Program Files\Java\jdk-11.0.2\bin\java.dll
0x00007ffa5c8e0000 - 0x00007ffa5c8f6000 	C:\Program Files\Java\jdk-11.0.2\bin\zip.dll
0x00007ffa64cb0000 - 0x00007ffa64cba000 	C:\Program Files\Java\jdk-11.0.2\bin\jimage.dll
0x00007ffa6d550000 - 0x00007ffa6dc35000 	C:\WINDOWS\System32\SHELL32.dll
0x00007ffa6e2d0000 - 0x00007ffa6e379000 	C:\WINDOWS\System32\shcore.dll
0x00007ffa6b820000 - 0x00007ffa6bf9f000 	C:\WINDOWS\System32\windows.storage.dll
0x00007ffa6b340000 - 0x00007ffa6b35f000 	C:\WINDOWS\System32\profapi.dll
0x00007ffa6b360000 - 0x00007ffa6b3aa000 	C:\WINDOWS\System32\powrprof.dll
0x00007ffa6b310000 - 0x00007ffa6b320000 	C:\WINDOWS\System32\UMPDC.dll
0x00007ffa6c4f0000 - 0x00007ffa6c542000 	C:\WINDOWS\System32\shlwapi.dll
0x00007ffa6bfa0000 - 0x00007ffa6bfb7000 	C:\WINDOWS\System32\cryptsp.dll

dbghelp: loaded successfully - version: 4.0.5 - missing functions: none
symbol engine: initialized successfully - sym options: 0x614 - pdb path: .;C:\Program Files\Java\jdk-11.0.2\bin;C:\WINDOWS\SYSTEM32;C:\WINDOWS\WinSxS\amd64_microsoft.windows.common-controls_6595b64144ccf1df_6.0.18362.592_none_e6c0b1911312be02;C:\Program Files\Java\jdk-11.0.2\bin\server

VM Arguments:
jvm_args: -Dclassworlds.conf=C:\Program Files\NetBeans-11.1\netbeans\java\maven\bin\m2.conf -Dmaven.home=C:\Program Files\NetBeans-11.1\netbeans\java\maven -Dmaven.multiModuleProjectDirectory=C:\Users\Sarah\Desktop\banksim-multithreading-02-noshin-taraska-team 
java_command: org.codehaus.plexus.classworlds.launcher.Launcher -Dmaven.ext.class.path=C:\Program Files\NetBeans-11.1\netbeans\java\maven-nblib\netbeans-eventspy.jar -Dfile.encoding=UTF-8 install
java_class_path (initial): C:\Program Files\NetBeans-11.1\netbeans\java\maven\boot\plexus-classworlds-2.5.2.jar
Launcher Type: SUN_STANDARD

[Global flags]
     intx CICompilerCount                          = 2                                         {product} {ergonomic}
     uint ConcGCThreads                            = 1                                         {product} {ergonomic}
     uint G1ConcRefinementThreads                  = 2                                         {product} {ergonomic}
   size_t G1HeapRegionSize                         = 1048576                                   {product} {ergonomic}
    uintx GCDrainStackTargetSize                   = 64                                        {product} {ergonomic}
   size_t InitialHeapSize                          = 65011712                                  {product} {ergonomic}
   size_t MarkStackSize                            = 4194304                                   {product} {ergonomic}
   size_t MaxHeapSize                              = 1027604480                                {product} {ergonomic}
   size_t MaxNewSize                               = 616562688                                 {product} {ergonomic}
   size_t MinHeapDeltaBytes                        = 1048576                                   {product} {ergonomic}
    uintx NonNMethodCodeHeapSize                   = 5824844                                {pd product} {ergonomic}
    uintx NonProfiledCodeHeapSize                  = 122916698                              {pd product} {ergonomic}
    uintx ProfiledCodeHeapSize                     = 122916698                              {pd product} {ergonomic}
    uintx ReservedCodeCacheSize                    = 251658240                              {pd product} {ergonomic}
     bool SegmentedCodeCache                       = true                                      {product} {ergonomic}
     bool UseCompressedClassPointers               = true                                 {lp64_product} {ergonomic}
     bool UseCompressedOops                        = true                                 {lp64_product} {ergonomic}
     bool UseG1GC                                  = true                                      {product} {ergonomic}
     bool UseLargePagesIndividualAllocation        = false                                  {pd product} {ergonomic}

Logging:
Log output configuration:
 #0: stdout all=warning uptime,level,tags
 #1: stderr all=off uptime,level,tags

Environment Variables:
JAVA_HOME=C:\Program Files\Java\jdk-11.0.2
PATH=C:\MinGW\bin;C:\MinGW\libexec\gcc\x86_64-w64-mingw32\8.1.0;C:\Program Files (x86)\Common Files\Oracle\Java\javapath;C:\WINDOWS\system32;C:\WINDOWS;C:\WINDOWS\System32\Wbem;C:\WINDOWS\System32\WindowsPowerShell\v1.0\;C:\WINDOWS\System32\OpenSSH\;C:\Program Files\PuTTY\;C:\cygwin64;C:\Program Files\Git\cmd;C:\Users\Sarah\AppData\Local\Microsoft\WindowsApps;C:\Users\Sarah\AppData\Local\atom\bin;C:\MinGW\bin;;%USERPROFILE%\AppData\Local\Microsoft\WindowsApps
USERNAME=Sarah
OS=Windows_NT
PROCESSOR_IDENTIFIER=Intel64 Family 6 Model 122 Stepping 1, GenuineIntel



---------------  S Y S T E M  ---------------

OS: Windows 10 , 64 bit Build 18362 (10.0.18362.329)

CPU:total 2 (initial active 2) (2 cores per cpu, 1 threads per core) family 6 model 122 stepping 1, cmov, cx8, fxsr, mmx, sse, sse2, sse3, ssse3, sse4.1, sse4.2, popcnt, aes, clmul, erms, 3dnowpref, tsc, tscinvbit, sha

Memory: 4k page, system-wide physical 3919M (586M free)
TotalPageFile size 11239M (AvailPageFile size 3M)
current process WorkingSet (physical memory assigned to process): 20M, peak: 20M
current process commit charge ("private bytes"): 116M, peak: 117M

vm_info: Java HotSpot(TM) 64-Bit Server VM (11.0.2+9-LTS) for windows-amd64 JRE (11.0.2+9-LTS), built on Jan 18 2019 05:24:10 by "mach5one" with MS VC++ 15.5 (VS2017)

END.
