#
# There is insufficient memory for the Java Runtime Environment to continue.
# Native memory allocation (malloc) failed to allocate 1048576 bytes for AllocateHeap
# Possible reasons:
#   The system is out of physical RAM or swap space
#   The process is running with CompressedOops enabled, and the Java Heap may be blocking the growth of the native heap
# Possible solutions:
#   Reduce memory load on the system
#   Increase physical memory or swap space
#   Check if swap backing store is full
#   Decrease Java heap size (-Xmx/-Xms)
#   Decrease number of Java threads
#   Decrease Java thread stack sizes (-Xss)
#   Set larger code cache with -XX:ReservedCodeCacheSize=
#   JVM is running with Unscaled Compressed Oops mode in which the Java heap is
#     placed in the first 4GB address space. The Java Heap base address is the
#     maximum limit for the native heap growth. Please use -XX:HeapBaseMinAddress
#     to set the Java Heap base and to place the Java Heap above 4GB virtual address.
# This output file may be truncated or incomplete.
#
#  Out of Memory Error (t:/workspace/open/src/hotspot/share/memory/allocation.cpp:46), pid=12488, tid=19736
#
# JRE version: Java(TM) SE Runtime Environment (11.0.2+9) (build 11.0.2+9-LTS)
# Java VM: Java HotSpot(TM) 64-Bit Server VM (11.0.2+9-LTS, mixed mode, tiered, compressed oops, g1 gc, windows-amd64)
# No core dump will be written. Minidumps are not enabled by default on client versions of Windows
#

---------------  S U M M A R Y ------------

Command Line: -Dclassworlds.conf=C:\Program Files\NetBeans-11.1\netbeans\java\maven\bin\m2.conf -Dmaven.home=C:\Program Files\NetBeans-11.1\netbeans\java\maven -Dmaven.multiModuleProjectDirectory=C:\Users\Sarah\Desktop\banksim-multithreading-02-noshin-taraska-team org.codehaus.plexus.classworlds.launcher.Launcher -Dexec.args=-classpath %classpath edu.temple.cis.c3238.banksim.BankSimMain -Dexec.executable=C:\Program Files\Java\jdk-11.0.2\bin\java.exe -Dmaven.ext.class.path=C:\Program Files\NetBeans-11.1\netbeans\java\maven-nblib\netbeans-eventspy.jar -Dfile.encoding=UTF-8 process-classes org.codehaus.mojo:exec-maven-plugin:1.5.0:exec

Host: Intel(R) Celeron(R) N4000 CPU @ 1.10GHz, 2 cores, 3G,  Windows 10 , 64 bit Build 18362 (10.0.18362.329)
Time: Mon Feb 24 18:13:18 2020 Eastern Standard Time elapsed time: 0 seconds (0d 0h 0m 0s)

---------------  T H R E A D  ---------------

Current thread (0x00000209d473e800):  VMThread "VM Thread" [stack: 0x0000002298100000,0x0000002298200000] [id=19736]

Stack: [0x0000002298100000,0x0000002298200000]
[error occurred during error reporting (printing stack bounds), id 0xc0000005, EXCEPTION_ACCESS_VIOLATION (0xc0000005) at pc=0x00000209c0b50bbd]

Native frames: (J=compiled Java code, j=interpreted, Vv=VM code, C=native code)
V  [jvm.dll+0x63574a]
V  [jvm.dll+0x77326f]
V  [jvm.dll+0x77491a]
V  [jvm.dll+0x774f35]
V  [jvm.dll+0x774eeb]
V  [jvm.dll+0x634e56]
V  [jvm.dll+0x635218]
C  [ntdll.dll+0xa11ff]
C  [ntdll.dll+0x6a289]
C  [ntdll.dll+0x9fe6e]
C  0x00000209c0b50bbd

VM_Operation (0x0000002297bf9920): CollectForMetadataAllocation, mode: safepoint, requested by thread 0x00000209b8829000


---------------  P R O C E S S  ---------------

Threads class SMR info:
_java_thread_list=0x00000209d4e273b0, length=10, elements={
0x00000209b8829000, 0x00000209d4763000, 0x00000209d476c800, 0x00000209d47d0800,
0x00000209d47d2000, 0x00000209d47d5800, 0x00000209d477f000, 0x00000209d4d24800,
0x00000209d4e32800, 0x00000209d4e3a000
}

Java Threads: ( => current thread )
  0x00000209b8829000 JavaThread "main" [_thread_blocked, id=26320, stack(0x0000002297b00000,0x0000002297c00000)]
  0x00000209d4763000 JavaThread "Reference Handler" daemon [_thread_blocked, id=19200, stack(0x0000002298200000,0x0000002298300000)]
  0x00000209d476c800 JavaThread "Finalizer" daemon [_thread_blocked, id=26432, stack(0x0000002298300000,0x0000002298400000)]
  0x00000209d47d0800 JavaThread "Signal Dispatcher" daemon [_thread_blocked, id=20712, stack(0x0000002298400000,0x0000002298500000)]
  0x00000209d47d2000 JavaThread "Attach Listener" daemon [_thread_blocked, id=24028, stack(0x0000002298500000,0x0000002298600000)]
  0x00000209d47d5800 JavaThread "C2 CompilerThread0" daemon [_thread_blocked, id=1832, stack(0x0000002298600000,0x0000002298700000)]
  0x00000209d477f000 JavaThread "C1 CompilerThread0" daemon [_thread_blocked, id=21820, stack(0x0000002298700000,0x0000002298800000)]
  0x00000209d4d24800 JavaThread "Sweeper thread" daemon [_thread_blocked, id=19940, stack(0x0000002298800000,0x0000002298900000)]
  0x00000209d4e32800 JavaThread "Service Thread" daemon [_thread_blocked, id=23612, stack(0x0000002298900000,0x0000002298a00000)]
  0x00000209d4e3a000 JavaThread "Common-Cleaner" daemon [_thread_blocked, id=24720, stack(0x0000002298b00000,0x0000002298c00000)]

Other Threads:
=>0x00000209d473e800 VMThread "VM Thread" [stack: 0x0000002298100000,0x0000002298200000] [id=19736]
  0x00000209d4e2d800 WatcherThread [stack: 0x0000002298a00000,0x0000002298b00000] [id=22232]
  0x00000209b883a000 GCTaskThread "GC Thread#0" [stack: 0x0000002297c00000,0x0000002297d00000] [id=25108]
  0x00000209d4e43800 GCTaskThread "GC Thread#1" [stack: 0x0000002298c00000,0x0000002298d00000] [id=14196]
  0x00000209b8855800 ConcurrentGCThread "G1 Main Marker" [stack: 0x0000002297d00000,0x0000002297e00000] [id=11756]
  0x00000209b8858000 ConcurrentGCThread "G1 Conc#0" [stack: 0x0000002297e00000,0x0000002297f00000] [id=3760]
  0x00000209b8894800 ConcurrentGCThread "G1 Refine#0" [stack: 0x0000002297f00000,0x0000002298000000] [id=22008]
  0x00000209b8897800 ConcurrentGCThread "G1 Young RemSet Sampling" [stack: 0x0000002298000000,0x0000002298100000] [id=22644]

Threads with active compile tasks:

VM state:at safepoint (normal execution)

VM Mutex/Monitor currently owned by a thread:  ([mutex/lock_event])
[0x00000209b8827330] Threads_lock - owner thread: 0x00000209d473e800
[0x00000209b8827210] Heap_lock - owner thread: 0x00000209b8829000

Heap address: 0x00000000c2c00000, size: 980 MB, Compressed Oops mode: 32-bit
Narrow klass base: 0x0000000000000000, Narrow klass shift: 3
Compressed class space size: 1073741824 Address: 0x0000000100000000

Heap:
 garbage-first heap   total 63488K, used 560K [0x00000000c2c00000, 0x0000000100000000)
  region size 1024K, 1 young (1024K), 1 survivors (1024K)
 Metaspace       used 3860K, capacity 3912K, committed 3968K, reserved 1069056K
  class space    used 336K, capacity 384K, committed 384K, reserved 1048576K
Heap Regions: E=young(eden), S=young(survivor), O=old, HS=humongous(starts), HC=humongous(continues), CS=collection set, F=free, A=archive, TAMS=top-at-mark-start (previous, next)
|   0|0x00000000c2c00000, 0x00000000c2c00000, 0x00000000c2d00000|  0%| F|  |TAMS 0x00000000c2c00000, 0x00000000c2c00000| Untracked 
|   1|0x00000000c2d00000, 0x00000000c2d00000, 0x00000000c2e00000|  0%| F|  |TAMS 0x00000000c2d00000, 0x00000000c2d00000| Untracked 
|   2|0x00000000c2e00000, 0x00000000c2e00000, 0x00000000c2f00000|  0%| F|  |TAMS 0x00000000c2e00000, 0x00000000c2e00000| Untracked 
|   3|0x00000000c2f00000, 0x00000000c2f00000, 0x00000000c3000000|  0%| F|  |TAMS 0x00000000c2f00000, 0x00000000c2f00000| Untracked 
|   4|0x00000000c3000000, 0x00000000c3000000, 0x00000000c3100000|  0%| F|  |TAMS 0x00000000c3000000, 0x00000000c3000000| Untracked 
|   5|0x00000000c3100000, 0x00000000c3100000, 0x00000000c3200000|  0%| F|  |TAMS 0x00000000c3100000, 0x00000000c3100000| Untracked 
|   6|0x00000000c3200000, 0x00000000c3200000, 0x00000000c3300000|  0%| F|  |TAMS 0x00000000c3200000, 0x00000000c3200000| Untracked 
|   7|0x00000000c3300000, 0x00000000c3300000, 0x00000000c3400000|  0%| F|  |TAMS 0x00000000c3300000, 0x00000000c3300000| Untracked 
|   8|0x00000000c3400000, 0x00000000c3400000, 0x00000000c3500000|  0%| F|  |TAMS 0x00000000c3400000, 0x00000000c3400000| Untracked 
|   9|0x00000000c3500000, 0x00000000c3500000, 0x00000000c3600000|  0%| F|  |TAMS 0x00000000c3500000, 0x00000000c3500000| Untracked 
|  10|0x00000000c3600000, 0x00000000c3600000, 0x00000000c3700000|  0%| F|  |TAMS 0x00000000c3600000, 0x00000000c3600000| Untracked 
|  11|0x00000000c3700000, 0x00000000c3700000, 0x00000000c3800000|  0%| F|  |TAMS 0x00000000c3700000, 0x00000000c3700000| Untracked 
|  12|0x00000000c3800000, 0x00000000c3800000, 0x00000000c3900000|  0%| F|  |TAMS 0x00000000c3800000, 0x00000000c3800000| Untracked 
|  13|0x00000000c3900000, 0x00000000c3900000, 0x00000000c3a00000|  0%| F|  |TAMS 0x00000000c3900000, 0x00000000c3900000| Untracked 
|  14|0x00000000c3a00000, 0x00000000c3a00000, 0x00000000c3b00000|  0%| F|  |TAMS 0x00000000c3a00000, 0x00000000c3a00000| Untracked 
|  15|0x00000000c3b00000, 0x00000000c3b00000, 0x00000000c3c00000|  0%| F|  |TAMS 0x00000000c3b00000, 0x00000000c3b00000| Untracked 
|  16|0x00000000c3c00000, 0x00000000c3c00000, 0x00000000c3d00000|  0%| F|  |TAMS 0x00000000c3c00000, 0x00000000c3c00000| Untracked 
|  17|0x00000000c3d00000, 0x00000000c3d00000, 0x00000000c3e00000|  0%| F|  |TAMS 0x00000000c3d00000, 0x00000000c3d00000| Untracked 
|  18|0x00000000c3e00000, 0x00000000c3e00000, 0x00000000c3f00000|  0%| F|  |TAMS 0x00000000c3e00000, 0x00000000c3e00000| Untracked 
|  19|0x00000000c3f00000, 0x00000000c3f00000, 0x00000000c4000000|  0%| F|  |TAMS 0x00000000c3f00000, 0x00000000c3f00000| Untracked 
|  20|0x00000000c4000000, 0x00000000c4000000, 0x00000000c4100000|  0%| F|  |TAMS 0x00000000c4000000, 0x00000000c4000000| Untracked 
|  21|0x00000000c4100000, 0x00000000c4100000, 0x00000000c4200000|  0%| F|  |TAMS 0x00000000c4100000, 0x00000000c4100000| Untracked 
|  22|0x00000000c4200000, 0x00000000c4200000, 0x00000000c4300000|  0%| F|  |TAMS 0x00000000c4200000, 0x00000000c4200000| Untracked 
|  23|0x00000000c4300000, 0x00000000c4300000, 0x00000000c4400000|  0%| F|  |TAMS 0x00000000c4300000, 0x00000000c4300000| Untracked 
|  24|0x00000000c4400000, 0x00000000c4400000, 0x00000000c4500000|  0%| F|  |TAMS 0x00000000c4400000, 0x00000000c4400000| Untracked 
|  25|0x00000000c4500000, 0x00000000c4500000, 0x00000000c4600000|  0%| F|  |TAMS 0x00000000c4500000, 0x00000000c4500000| Untracked 
|  26|0x00000000c4600000, 0x00000000c4600000, 0x00000000c4700000|  0%| F|  |TAMS 0x00000000c4600000, 0x00000000c4600000| Untracked 
|  27|0x00000000c4700000, 0x00000000c4700000, 0x00000000c4800000|  0%| F|  |TAMS 0x00000000c4700000, 0x00000000c4700000| Untracked 
|  28|0x00000000c4800000, 0x00000000c4800000, 0x00000000c4900000|  0%| F|  |TAMS 0x00000000c4800000, 0x00000000c4800000| Untracked 
|  29|0x00000000c4900000, 0x00000000c4900000, 0x00000000c4a00000|  0%| F|  |TAMS 0x00000000c4900000, 0x00000000c4900000| Untracked 
|  30|0x00000000c4a00000, 0x00000000c4a00000, 0x00000000c4b00000|  0%| F|  |TAMS 0x00000000c4a00000, 0x00000000c4a00000| Untracked 
|  31|0x00000000c4b00000, 0x00000000c4b00000, 0x00000000c4c00000|  0%| F|  |TAMS 0x00000000c4b00000, 0x00000000c4b00000| Untracked 
|  32|0x00000000c4c00000, 0x00000000c4c00000, 0x00000000c4d00000|  0%| F|  |TAMS 0x00000000c4c00000, 0x00000000c4c00000| Untracked 
|  33|0x00000000c4d00000, 0x00000000c4d00000, 0x00000000c4e00000|  0%| F|  |TAMS 0x00000000c4d00000, 0x00000000c4d00000| Untracked 
|  34|0x00000000c4e00000, 0x00000000c4e00000, 0x00000000c4f00000|  0%| F|  |TAMS 0x00000000c4e00000, 0x00000000c4e00000| Untracked 
|  35|0x00000000c4f00000, 0x00000000c4f00000, 0x00000000c5000000|  0%| F|  |TAMS 0x00000000c4f00000, 0x00000000c4f00000| Untracked 
|  36|0x00000000c5000000, 0x00000000c5000000, 0x00000000c5100000|  0%| F|  |TAMS 0x00000000c5000000, 0x00000000c5000000| Untracked 
|  37|0x00000000c5100000, 0x00000000c5100000, 0x00000000c5200000|  0%| F|  |TAMS 0x00000000c5100000, 0x00000000c5100000| Untracked 
|  38|0x00000000c5200000, 0x00000000c5200000, 0x00000000c5300000|  0%| F|  |TAMS 0x00000000c5200000, 0x00000000c5200000| Untracked 
|  39|0x00000000c5300000, 0x00000000c5300000, 0x00000000c5400000|  0%| F|  |TAMS 0x00000000c5300000, 0x00000000c5300000| Untracked 
|  40|0x00000000c5400000, 0x00000000c5400000, 0x00000000c5500000|  0%| F|  |TAMS 0x00000000c5400000, 0x00000000c5400000| Untracked 
|  41|0x00000000c5500000, 0x00000000c5500000, 0x00000000c5600000|  0%| F|  |TAMS 0x00000000c5500000, 0x00000000c5500000| Untracked 
|  42|0x00000000c5600000, 0x00000000c5600000, 0x00000000c5700000|  0%| F|  |TAMS 0x00000000c5600000, 0x00000000c5600000| Untracked 
|  43|0x00000000c5700000, 0x00000000c5700000, 0x00000000c5800000|  0%| F|  |TAMS 0x00000000c5700000, 0x00000000c5700000| Untracked 
|  44|0x00000000c5800000, 0x00000000c5800000, 0x00000000c5900000|  0%| F|  |TAMS 0x00000000c5800000, 0x00000000c5800000| Untracked 
|  45|0x00000000c5900000, 0x00000000c5900000, 0x00000000c5a00000|  0%| F|  |TAMS 0x00000000c5900000, 0x00000000c5900000| Untracked 
|  46|0x00000000c5a00000, 0x00000000c5a00000, 0x00000000c5b00000|  0%| F|  |TAMS 0x00000000c5a00000, 0x00000000c5a00000| Untracked 
|  47|0x00000000c5b00000, 0x00000000c5b00000, 0x00000000c5c00000|  0%| F|  |TAMS 0x00000000c5b00000, 0x00000000c5b00000| Untracked 
|  48|0x00000000c5c00000, 0x00000000c5c00000, 0x00000000c5d00000|  0%| F|  |TAMS 0x00000000c5c00000, 0x00000000c5c00000| Untracked 
|  49|0x00000000c5d00000, 0x00000000c5d00000, 0x00000000c5e00000|  0%| F|  |TAMS 0x00000000c5d00000, 0x00000000c5d00000| Untracked 
|  50|0x00000000c5e00000, 0x00000000c5e00000, 0x00000000c5f00000|  0%| F|  |TAMS 0x00000000c5e00000, 0x00000000c5e00000| Untracked 
|  51|0x00000000c5f00000, 0x00000000c5f00000, 0x00000000c6000000|  0%| F|  |TAMS 0x00000000c5f00000, 0x00000000c5f00000| Untracked 
|  52|0x00000000c6000000, 0x00000000c6000000, 0x00000000c6100000|  0%| F|  |TAMS 0x00000000c6000000, 0x00000000c6000000| Untracked 
|  53|0x00000000c6100000, 0x00000000c6100000, 0x00000000c6200000|  0%| F|  |TAMS 0x00000000c6100000, 0x00000000c6100000| Untracked 
|  54|0x00000000c6200000, 0x00000000c6200000, 0x00000000c6300000|  0%| F|  |TAMS 0x00000000c6200000, 0x00000000c6200000| Untracked 
|  55|0x00000000c6300000, 0x00000000c6300000, 0x00000000c6400000|  0%| F|  |TAMS 0x00000000c6300000, 0x00000000c6300000| Untracked 
|  56|0x00000000c6400000, 0x00000000c6400000, 0x00000000c6500000|  0%| F|  |TAMS 0x00000000c6400000, 0x00000000c6400000| Untracked 
|  57|0x00000000c6500000, 0x00000000c6500000, 0x00000000c6600000|  0%| F|  |TAMS 0x00000000c6500000, 0x00000000c6500000| Untracked 
|  58|0x00000000c6600000, 0x00000000c6600000, 0x00000000c6700000|  0%| F|  |TAMS 0x00000000c6600000, 0x00000000c6600000| Untracked 
|  59|0x00000000c6700000, 0x00000000c6700000, 0x00000000c6800000|  0%| F|  |TAMS 0x00000000c6700000, 0x00000000c6700000| Untracked 
|  60|0x00000000c6800000, 0x00000000c688c040, 0x00000000c6900000| 54%| S|CS|TAMS 0x00000000c6800000, 0x00000000c6800000| Complete 
|  61|0x00000000c6900000, 0x00000000c6900000, 0x00000000c6a00000|  0%| F|  |TAMS 0x00000000c6900000, 0x00000000c6900000| Untracked 

Card table byte_map: [0x00000209b85f0000,0x00000209b87e0000] _byte_map_base: 0x00000209b7fda000

Marking Bits (Prev, Next): (CMBitMap*) 0x00000209b8850dc8, (CMBitMap*) 0x00000209b8850e00
 Prev Bits: [0x00000209cfd40000, 0x00000209d0c90000)
 Next Bits: [0x00000209d0c90000, 0x00000209d1be0000)

Polling page: 0x00000209b65b0000

Metaspace:

Usage:
  Non-class:      3.45 MB capacity,     3.44 MB (>99%) used,    88 bytes ( <1%) free+waste,     3.56 KB ( <1%) overhead. 
      Class:    384.00 KB capacity,   336.61 KB ( 88%) used,    47.33 KB ( 12%) free+waste,    64 bytes ( <1%) overhead. 
       Both:      3.82 MB capacity,     3.77 MB ( 99%) used,    47.41 KB (  1%) free+waste,     3.63 KB ( <1%) overhead. 

Virtual space:
  Non-class space:       20.00 MB reserved,       3.50 MB ( 18%) committed 
      Class space:        1.00 GB reserved,     384.00 KB ( <1%) committed 
             Both:        1.02 GB reserved,       3.88 MB ( <1%) committed 

Chunk freelists:
   Non-Class:  7.00 KB
       Class:  0 bytes
        Both:  7.00 KB

CodeHeap 'non-profiled nmethods': size=120064Kb used=23Kb max_used=23Kb free=120040Kb
 bounds [0x00000209c8610000, 0x00000209c8880000, 0x00000209cfb50000]
CodeHeap 'profiled nmethods': size=120000Kb used=133Kb max_used=133Kb free=119866Kb
 bounds [0x00000209c10e0000, 0x00000209c1350000, 0x00000209c8610000]
CodeHeap 'non-nmethods': size=5696Kb used=985Kb max_used=992Kb free=4710Kb
 bounds [0x00000209c0b50000, 0x00000209c0dc0000, 0x00000209c10e0000]
 total_blobs=389 nmethods=97 adapters=153
 compilation: enabled
              stopped_count=0, restarted_count=0
 full_count=0

Compilation events (10 events):
Event: 0.174 Thread 0x00000209d477f000   93       3       java.lang.AbstractStringBuilder::isLatin1 (19 bytes)
Event: 0.174 Thread 0x00000209d477f000 nmethod 93 0x00000209c10ff690 code [0x00000209c10ff840, 0x00000209c10ffa18]
Event: 0.175 Thread 0x00000209d477f000   94       3       java.lang.StringBuilder::append (8 bytes)
Event: 0.175 Thread 0x00000209d477f000 nmethod 94 0x00000209c10ffa90 code [0x00000209c10ffc40, 0x00000209c10ffdf0]
Event: 0.175 Thread 0x00000209d477f000   95       3       java.lang.AbstractStringBuilder::append (77 bytes)
Event: 0.176 Thread 0x00000209d477f000 nmethod 95 0x00000209c10ffe90 code [0x00000209c11000c0, 0x00000209c11007b0]
Event: 0.180 Thread 0x00000209d477f000   97       3       java.lang.StringLatin1::indexOf (61 bytes)
Event: 0.181 Thread 0x00000209d477f000 nmethod 97 0x00000209c1100a10 code [0x00000209c1100be0, 0x00000209c1100ff8]
Event: 0.181 Thread 0x00000209d477f000   96       3       java.lang.String::indexOf (29 bytes)
Event: 0.181 Thread 0x00000209d477f000 nmethod 96 0x00000209c1101110 code [0x00000209c11012e0, 0x00000209c11015c0]

GC Heap History (2 events):
Event: 0.183 GC heap before
{Heap before GC invocations=0 (full 0):
 garbage-first heap   total 63488K, used 0K [0x00000000c2c00000, 0x0000000100000000)
  region size 1024K, 1 young (1024K), 0 survivors (0K)
 Metaspace       used 3860K, capacity 3912K, committed 3968K, reserved 1067008K
  class space    used 336K, capacity 384K, committed 384K, reserved 1048576K
}
Event: 0.187 GC heap after
{Heap after GC invocations=1 (full 0):
 garbage-first heap   total 63488K, used 560K [0x00000000c2c00000, 0x0000000100000000)
  region size 1024K, 1 young (1024K), 1 survivors (1024K)
 Metaspace       used 3860K, capacity 3912K, committed 3968K, reserved 1067008K
  class space    used 336K, capacity 384K, committed 384K, reserved 1048576K
}

Deoptimization events (1 events):
Event: 0.164 Thread 0x00000209b8829000 Uncommon trap: reason=unstable_if action=reinterpret pc=0x00000209c8614b7c method=java.lang.String.hashCode()I @ 14 c2

Classes redefined (0 events):
No events

Internal exceptions (0 events):
No events

Events (10 events):
Event: 0.182 loading class java/nio/file/attribute/BasicFileAttributes
Event: 0.182 loading class java/nio/file/attribute/BasicFileAttributes done
Event: 0.182 loading class java/nio/file/LinkOption
Event: 0.182 loading class java/nio/file/CopyOption
Event: 0.182 loading class java/nio/file/CopyOption done
Event: 0.182 loading class java/nio/file/LinkOption done
Event: 0.182 loading class java/nio/file/Files
Event: 0.182 loading class java/nio/file/Files done
Event: 0.182 loading class java/nio/file/attribute/BasicFileAttributeView
Event: 0.183 Executing VM operation: CollectForMetadataAllocation


Dynamic libraries:
0x00007ff7c4e00000 - 0x00007ff7c4e47000 	C:\Program Files\Java\jdk-11.0.2\bin\java.exe
0x00007ffa6e440000 - 0x00007ffa6e630000 	C:\WINDOWS\SYSTEM32\ntdll.dll
0x00007ffa6dc40000 - 0x00007ffa6dcf2000 	C:\WINDOWS\System32\KERNEL32.DLL
0x00007ffa6c040000 - 0x00007ffa6c2e3000 	C:\WINDOWS\System32\KERNELBASE.dll
0x00007ffa6ce70000 - 0x00007ffa6cf13000 	C:\WINDOWS\System32\ADVAPI32.dll
0x00007ffa6cc30000 - 0x00007ffa6ccce000 	C:\WINDOWS\System32\msvcrt.dll
0x00007ffa6c550000 - 0x00007ffa6c5e7000 	C:\WINDOWS\System32\sechost.dll
0x00007ffa6dd00000 - 0x00007ffa6de20000 	C:\WINDOWS\System32\RPCRT4.dll
0x00007ffa6ccd0000 - 0x00007ffa6ce64000 	C:\WINDOWS\System32\USER32.dll
0x00007ffa6c010000 - 0x00007ffa6c031000 	C:\WINDOWS\System32\win32u.dll
0x00007ffa6de20000 - 0x00007ffa6de46000 	C:\WINDOWS\System32\GDI32.dll
0x00007ffa6b500000 - 0x00007ffa6b694000 	C:\WINDOWS\System32\gdi32full.dll
0x00007ffa6c450000 - 0x00007ffa6c4ee000 	C:\WINDOWS\System32\msvcp_win.dll
0x00007ffa6c2f0000 - 0x00007ffa6c3ea000 	C:\WINDOWS\System32\ucrtbase.dll
0x00007ffa55e80000 - 0x00007ffa56105000 	C:\WINDOWS\WinSxS\amd64_microsoft.windows.common-controls_6595b64144ccf1df_6.0.18362.592_none_e6c0b1911312be02\COMCTL32.dll
0x00007ffa6d0d0000 - 0x00007ffa6d406000 	C:\WINDOWS\System32\combase.dll
0x00007ffa6b480000 - 0x00007ffa6b500000 	C:\WINDOWS\System32\bcryptPrimitives.dll
0x00007ffa58ea0000 - 0x00007ffa58eaa000 	C:\WINDOWS\SYSTEM32\VERSION.dll
0x00007ffa6d520000 - 0x00007ffa6d54e000 	C:\WINDOWS\System32\IMM32.DLL
0x00007ffa5f6c0000 - 0x00007ffa5f6d6000 	C:\Program Files\Java\jdk-11.0.2\bin\vcruntime140.dll
0x00007ffa43520000 - 0x00007ffa435ca000 	C:\Program Files\Java\jdk-11.0.2\bin\msvcp140.dll
0x00007ffa11cc0000 - 0x00007ffa127e7000 	C:\Program Files\Java\jdk-11.0.2\bin\server\jvm.dll
0x00007ffa6e2c0000 - 0x00007ffa6e2c8000 	C:\WINDOWS\System32\PSAPI.DLL
0x00007ffa69880000 - 0x00007ffa69889000 	C:\WINDOWS\SYSTEM32\WSOCK32.dll
0x00007ffa6cff0000 - 0x00007ffa6d05f000 	C:\WINDOWS\System32\WS2_32.dll
0x00007ffa68cd0000 - 0x00007ffa68cf4000 	C:\WINDOWS\SYSTEM32\WINMM.dll
0x00007ffa68ca0000 - 0x00007ffa68ccd000 	C:\WINDOWS\SYSTEM32\WINMMBASE.dll
0x00007ffa6bfc0000 - 0x00007ffa6c00a000 	C:\WINDOWS\System32\cfgmgr32.dll
0x00007ffa6b320000 - 0x00007ffa6b331000 	C:\WINDOWS\System32\kernel.appcore.dll
0x00007ffa5de20000 - 0x00007ffa5de31000 	C:\Program Files\Java\jdk-11.0.2\bin\verify.dll
0x00007ffa69c50000 - 0x00007ffa69e44000 	C:\WINDOWS\SYSTEM32\DBGHELP.DLL
0x00007ffa56860000 - 0x00007ffa5688a000 	C:\WINDOWS\SYSTEM32\dbgcore.DLL
0x00007ffa53850000 - 0x00007ffa53879000 	C:\Program Files\Java\jdk-11.0.2\bin\java.dll
0x00007ffa5c8e0000 - 0x00007ffa5c8f6000 	C:\Program Files\Java\jdk-11.0.2\bin\zip.dll
0x00007ffa64cb0000 - 0x00007ffa64cba000 	C:\Program Files\Java\jdk-11.0.2\bin\jimage.dll
0x00007ffa6d550000 - 0x00007ffa6dc35000 	C:\WINDOWS\System32\SHELL32.dll
0x00007ffa6e2d0000 - 0x00007ffa6e379000 	C:\WINDOWS\System32\shcore.dll
0x00007ffa6b820000 - 0x00007ffa6bf9f000 	C:\WINDOWS\System32\windows.storage.dll
0x00007ffa6b340000 - 0x00007ffa6b35f000 	C:\WINDOWS\System32\profapi.dll
0x00007ffa6b360000 - 0x00007ffa6b3aa000 	C:\WINDOWS\System32\powrprof.dll
0x00007ffa6b310000 - 0x00007ffa6b320000 	C:\WINDOWS\System32\UMPDC.dll
0x00007ffa6c4f0000 - 0x00007ffa6c542000 	C:\WINDOWS\System32\shlwapi.dll
0x00007ffa6bfa0000 - 0x00007ffa6bfb7000 	C:\WINDOWS\System32\cryptsp.dll

dbghelp: loaded successfully - version: 4.0.5 - missing functions: none
symbol engine: initialized successfully - sym options: 0x614 - pdb path: .;C:\Program Files\Java\jdk-11.0.2\bin;C:\WINDOWS\SYSTEM32;C:\WINDOWS\WinSxS\amd64_microsoft.windows.common-controls_6595b64144ccf1df_6.0.18362.592_none_e6c0b1911312be02;C:\Program Files\Java\jdk-11.0.2\bin\server

VM Arguments:
jvm_args: -Dclassworlds.conf=C:\Program Files\NetBeans-11.1\netbeans\java\maven\bin\m2.conf -Dmaven.home=C:\Program Files\NetBeans-11.1\netbeans\java\maven -Dmaven.multiModuleProjectDirectory=C:\Users\Sarah\Desktop\banksim-multithreading-02-noshin-taraska-team 
java_command: org.codehaus.plexus.classworlds.launcher.Launcher -Dexec.args=-classpath %classpath edu.temple.cis.c3238.banksim.BankSimMain -Dexec.executable=C:\Program Files\Java\jdk-11.0.2\bin\java.exe -Dmaven.ext.class.path=C:\Program Files\NetBeans-11.1\netbeans\java\maven-nblib\netbeans-eventspy.jar -Dfile.encoding=UTF-8 process-classes org.codehaus.mojo:exec-maven-plugin:1.5.0:exec
java_class_path (initial): C:\Program Files\NetBeans-11.1\netbeans\java\maven\boot\plexus-classworlds-2.5.2.jar
Launcher Type: SUN_STANDARD

[Global flags]
     intx CICompilerCount                          = 2                                         {product} {ergonomic}
     uint ConcGCThreads                            = 1                                         {product} {ergonomic}
     uint G1ConcRefinementThreads                  = 2                                         {product} {ergonomic}
   size_t G1HeapRegionSize                         = 1048576                                   {product} {ergonomic}
    uintx GCDrainStackTargetSize                   = 64                                        {product} {ergonomic}
   size_t InitialHeapSize                          = 65011712                                  {product} {ergonomic}
   size_t MarkStackSize                            = 4194304                                   {product} {ergonomic}
   size_t MaxHeapSize                              = 1027604480                                {product} {ergonomic}
   size_t MaxNewSize                               = 616562688                                 {product} {ergonomic}
   size_t MinHeapDeltaBytes                        = 1048576                                   {product} {ergonomic}
    uintx NonNMethodCodeHeapSize                   = 5824844                                {pd product} {ergonomic}
    uintx NonProfiledCodeHeapSize                  = 122916698                              {pd product} {ergonomic}
    uintx ProfiledCodeHeapSize                     = 122916698                              {pd product} {ergonomic}
    uintx ReservedCodeCacheSize                    = 251658240                              {pd product} {ergonomic}
     bool SegmentedCodeCache                       = true                                      {product} {ergonomic}
     bool UseCompressedClassPointers               = true                                 {lp64_product} {ergonomic}
     bool UseCompressedOops                        = true                                 {lp64_product} {ergonomic}
     bool UseG1GC                                  = true                                      {product} {ergonomic}
     bool UseLargePagesIndividualAllocation        = false                                  {pd product} {ergonomic}

Logging:
Log output configuration:
 #0: stdout all=warning uptime,level,tags
 #1: stderr all=off uptime,level,tags

Environment Variables:
JAVA_HOME=C:\Program Files\Java\jdk-11.0.2
PATH=C:\MinGW\bin;C:\MinGW\libexec\gcc\x86_64-w64-mingw32\8.1.0;C:\Program Files (x86)\Common Files\Oracle\Java\javapath;C:\WINDOWS\system32;C:\WINDOWS;C:\WINDOWS\System32\Wbem;C:\WINDOWS\System32\WindowsPowerShell\v1.0\;C:\WINDOWS\System32\OpenSSH\;C:\Program Files\PuTTY\;C:\cygwin64;C:\Program Files\Git\cmd;C:\Users\Sarah\AppData\Local\Microsoft\WindowsApps;C:\Users\Sarah\AppData\Local\atom\bin;C:\MinGW\bin;;%USERPROFILE%\AppData\Local\Microsoft\WindowsApps
USERNAME=Sarah
OS=Windows_NT
PROCESSOR_IDENTIFIER=Intel64 Family 6 Model 122 Stepping 1, GenuineIntel



---------------  S Y S T E M  ---------------

OS: Windows 10 , 64 bit Build 18362 (10.0.18362.329)

CPU:total 2 (initial active 2) (2 cores per cpu, 1 threads per core) family 6 model 122 stepping 1, cmov, cx8, fxsr, mmx, sse, sse2, sse3, ssse3, sse4.1, sse4.2, popcnt, aes, clmul, erms, 3dnowpref, tsc, tscinvbit, sha

Memory: 4k page, system-wide physical 3919M (678M free)
TotalPageFile size 11239M (AvailPageFile size 1M)
current process WorkingSet (physical memory assigned to process): 27M, peak: 27M
current process commit charge ("private bytes"): 120M, peak: 121M

vm_info: Java HotSpot(TM) 64-Bit Server VM (11.0.2+9-LTS) for windows-amd64 JRE (11.0.2+9-LTS), built on Jan 18 2019 05:24:10 by "mach5one" with MS VC++ 15.5 (VS2017)

END.
