#
# A fatal error has been detected by the Java Runtime Environment:
#
#  EXCEPTION_ACCESS_VIOLATION (0xc0000005) at pc=0x0000000000000000, pid=4132, tid=25340
#
# JRE version:  (11.0.2+9) (build )
# Java VM: Java HotSpot(TM) 64-Bit Server VM (11.0.2+9-LTS, mixed mode, tiered, compressed oops, g1 gc, windows-amd64)
# Problematic frame:
# C  0x0000000000000000
#
# No core dump will be written. Minidumps are not enabled by default on client versions of Windows
#
# If you would like to submit a bug report, please visit:
#   http://bugreport.java.com/bugreport/crash.jsp
# The crash happened outside the Java Virtual Machine in native code.
# See problematic frame for where to report the bug.
#

---------------  S U M M A R Y ------------

Command Line: -Dclassworlds.conf=C:\Program Files\NetBeans-11.1\netbeans\java\maven\bin\m2.conf -Dmaven.home=C:\Program Files\NetBeans-11.1\netbeans\java\maven -Dmaven.multiModuleProjectDirectory=C:\Users\Sarah\Desktop\banksim-multithreading-02-noshin-taraska-team org.codehaus.plexus.classworlds.launcher.Launcher -Dmaven.ext.class.path=C:\Program Files\NetBeans-11.1\netbeans\java\maven-nblib\netbeans-eventspy.jar -Dfile.encoding=UTF-8 clean install

Host: Intel(R) Celeron(R) N4000 CPU @ 1.10GHz, 2 cores, 3G,  Windows 10 , 64 bit Build 18362 (10.0.18362.329)
Time: Mon Feb 24 18:13:11 2020 Eastern Standard Time elapsed time: 0 seconds (0d 0h 0m 0s)

---------------  T H R E A D  ---------------

Current thread (0x000002104aada000):  JavaThread "main" [_thread_in_native, id=25340, stack(0x0000002e1bc00000,0x0000002e1bd00000)]

Stack: [0x0000002e1bc00000,0x0000002e1bd00000],  sp=0x0000002e1bcfe7d8,  free space=1017k
Native frames: (J=compiled Java code, j=interpreted, Vv=VM code, C=native code)

Java frames: (J=compiled Java code, j=interpreted, Vv=VM code)
j  java.lang.System.initProperties(Ljava/util/Properties;)Ljava/util/Properties;+0 java.base
j  java.lang.System.initPhase1()V+15 java.base
v  ~StubRoutines::call_stub

siginfo: EXCEPTION_ACCESS_VIOLATION (0xc0000005), data execution prevention violation at address 0x0000000000000000


Register to memory mapping:

RIP=0x0 is NULL
RAX=0x0 is NULL
RBX=0x0 is NULL
RCX=0x0 is NULL
RDX=0x0000000000004028 is an unknown value
RSP=0x0000002e1bcfe7d8 is pointing into the stack for thread: 0x000002104aada000
RBP=0x0000002e1bcfeb50 is pointing into the stack for thread: 0x000002104aada000
RSI=0x0000000000000001 is an unknown value
RDI=0x0000021066a20f10 points into unknown readable memory: 30 4c a1 66 10 02 00 00
R8 =0x0 is NULL
R9 =0x0 is NULL
R10=0x0000000002000002 is an unknown value
R11=0x00000000000002d0 is an unknown value
R12=0x0000000000000001 is an unknown value
R13=0x0000000000000001 is an unknown value
R14=0x000000000000000a is an unknown value
R15=0x000000000000073c is an unknown value


Registers:
RAX=0x0000000000000000, RBX=0x0000000000000000, RCX=0x0000000000000000, RDX=0x0000000000004028
RSP=0x0000002e1bcfe7d8, RBP=0x0000002e1bcfeb50, RSI=0x0000000000000001, RDI=0x0000021066a20f10
R8 =0x0000000000000000, R9 =0x0000000000000000, R10=0x0000000002000002, R11=0x00000000000002d0
R12=0x0000000000000001, R13=0x0000000000000001, R14=0x000000000000000a, R15=0x000000000000073c
RIP=0x0000000000000000, EFLAGS=0x0000000000010206

Top of Stack: (sp=0x0000002e1bcfe7d8)
0x0000002e1bcfe7d8:   00007ffa5385cd9b 0000000000000000
0x0000002e1bcfe7e8:   0000000000004028 0000000000000000
0x0000002e1bcfe7f8:   0000000000000000 0000002e1bcfe820
0x0000002e1bcfe808:   00007ffa6e47c4bf 0000000080004005
0x0000002e1bcfe818:   0000000000000020 000002104ab44800
0x0000002e1bcfe828:   0000000000000003 0000000001630000
0x0000002e1bcfe838:   0000000000000001 0000000000000000
0x0000002e1bcfe848:   00000210487e1260 00007ffa6e55d550
0x0000002e1bcfe858:   00000210487e0000 00000210487e02a8
0x0000002e1bcfe868:   0000000000000000 0000000000000020
0x0000002e1bcfe878:   00000210487e0cc0 0000000000000000
0x0000002e1bcfe888:   0000000000000000 000000000000000c
0x0000002e1bcfe898:   0000000000000000 0000000000000000
0x0000002e1bcfe8a8:   0000000000000002 0000000000000020
0x0000002e1bcfe8b8:   0000002e1bcfe979 00000210488f0000
0x0000002e1bcfe8c8:   00007ffa6e47ba17 00000210487e0000 

Instructions: (pc=0x0000000000000000)
0xffffffffffffffe0:   


Stack slot to memory mapping:
stack at sp + 0 slots: 0x00007ffa5385cd9b java.dll
stack at sp + 1 slots: 0x0 is NULL
stack at sp + 2 slots: 0x0000000000004028 is an unknown value
stack at sp + 3 slots: 0x0 is NULL
stack at sp + 4 slots: 0x0 is NULL
stack at sp + 5 slots: 0x0000002e1bcfe820 is pointing into the stack for thread: 0x000002104aada000
stack at sp + 6 slots: 0x00007ffa6e47c4bf ntdll.dll
stack at sp + 7 slots: 0x0000000080004005 is an unknown value


---------------  P R O C E S S  ---------------

Threads class SMR info:
_java_thread_list=0x00000210669e83d0, length=3, elements={
0x000002104aada000, 0x00000210669ef800, 0x0000021066a12000
}

Java Threads: ( => current thread )
=>0x000002104aada000 JavaThread "main" [_thread_in_native, id=25340, stack(0x0000002e1bc00000,0x0000002e1bd00000)]
  0x00000210669ef800 JavaThread "Reference Handler" daemon [_thread_blocked, id=17844, stack(0x0000002e1c300000,0x0000002e1c400000)]
  0x0000021066a12000 JavaThread "Finalizer" daemon [_thread_blocked, id=21404, stack(0x0000002e1c400000,0x0000002e1c500000)]

Other Threads:
  0x00000210669ed000 VMThread "VM Thread" [stack: 0x0000002e1c200000,0x0000002e1c300000] [id=25132]
  0x000002104aaea000 GCTaskThread "GC Thread#0" [stack: 0x0000002e1bd00000,0x0000002e1be00000] [id=25684]
  0x000002104ab02800 ConcurrentGCThread "G1 Main Marker" [stack: 0x0000002e1be00000,0x0000002e1bf00000] [id=17624]
  0x000002104ab05000 ConcurrentGCThread "G1 Conc#0" [stack: 0x0000002e1bf00000,0x0000002e1c000000] [id=6816]
  0x000002104ab45000 ConcurrentGCThread "G1 Refine#0" [stack: 0x0000002e1c000000,0x0000002e1c100000] [id=26516]
  0x000002104ab46000 ConcurrentGCThread "G1 Young RemSet Sampling" [stack: 0x0000002e1c100000,0x0000002e1c200000] [id=19212]

Threads with active compile tasks:

VM state:not at safepoint (normal execution)

VM Mutex/Monitor currently owned by a thread: None

Heap address: 0x00000000c2c00000, size: 980 MB, Compressed Oops mode: 32-bit
Narrow klass base: 0x0000000000000000, Narrow klass shift: 3
Compressed class space size: 1073741824 Address: 0x0000000100000000

Heap:
 garbage-first heap   total 63488K, used 0K [0x00000000c2c00000, 0x0000000100000000)
  region size 1024K, 1 young (1024K), 0 survivors (0K)
 Metaspace       used 1505K, capacity 1800K, committed 1920K, reserved 1060864K
  class space    used 119K, capacity 384K, committed 384K, reserved 1048576K
Heap Regions: E=young(eden), S=young(survivor), O=old, HS=humongous(starts), HC=humongous(continues), CS=collection set, F=free, A=archive, TAMS=top-at-mark-start (previous, next)
|   0|0x00000000c2c00000, 0x00000000c2c00000, 0x00000000c2d00000|  0%| F|  |TAMS 0x00000000c2c00000, 0x00000000c2c00000| Untracked 
|   1|0x00000000c2d00000, 0x00000000c2d00000, 0x00000000c2e00000|  0%| F|  |TAMS 0x00000000c2d00000, 0x00000000c2d00000| Untracked 
|   2|0x00000000c2e00000, 0x00000000c2e00000, 0x00000000c2f00000|  0%| F|  |TAMS 0x00000000c2e00000, 0x00000000c2e00000| Untracked 
|   3|0x00000000c2f00000, 0x00000000c2f00000, 0x00000000c3000000|  0%| F|  |TAMS 0x00000000c2f00000, 0x00000000c2f00000| Untracked 
|   4|0x00000000c3000000, 0x00000000c3000000, 0x00000000c3100000|  0%| F|  |TAMS 0x00000000c3000000, 0x00000000c3000000| Untracked 
|   5|0x00000000c3100000, 0x00000000c3100000, 0x00000000c3200000|  0%| F|  |TAMS 0x00000000c3100000, 0x00000000c3100000| Untracked 
|   6|0x00000000c3200000, 0x00000000c3200000, 0x00000000c3300000|  0%| F|  |TAMS 0x00000000c3200000, 0x00000000c3200000| Untracked 
|   7|0x00000000c3300000, 0x00000000c3300000, 0x00000000c3400000|  0%| F|  |TAMS 0x00000000c3300000, 0x00000000c3300000| Untracked 
|   8|0x00000000c3400000, 0x00000000c3400000, 0x00000000c3500000|  0%| F|  |TAMS 0x00000000c3400000, 0x00000000c3400000| Untracked 
|   9|0x00000000c3500000, 0x00000000c3500000, 0x00000000c3600000|  0%| F|  |TAMS 0x00000000c3500000, 0x00000000c3500000| Untracked 
|  10|0x00000000c3600000, 0x00000000c3600000, 0x00000000c3700000|  0%| F|  |TAMS 0x00000000c3600000, 0x00000000c3600000| Untracked 
|  11|0x00000000c3700000, 0x00000000c3700000, 0x00000000c3800000|  0%| F|  |TAMS 0x00000000c3700000, 0x00000000c3700000| Untracked 
|  12|0x00000000c3800000, 0x00000000c3800000, 0x00000000c3900000|  0%| F|  |TAMS 0x00000000c3800000, 0x00000000c3800000| Untracked 
|  13|0x00000000c3900000, 0x00000000c3900000, 0x00000000c3a00000|  0%| F|  |TAMS 0x00000000c3900000, 0x00000000c3900000| Untracked 
|  14|0x00000000c3a00000, 0x00000000c3a00000, 0x00000000c3b00000|  0%| F|  |TAMS 0x00000000c3a00000, 0x00000000c3a00000| Untracked 
|  15|0x00000000c3b00000, 0x00000000c3b00000, 0x00000000c3c00000|  0%| F|  |TAMS 0x00000000c3b00000, 0x00000000c3b00000| Untracked 
|  16|0x00000000c3c00000, 0x00000000c3c00000, 0x00000000c3d00000|  0%| F|  |TAMS 0x00000000c3c00000, 0x00000000c3c00000| Untracked 
|  17|0x00000000c3d00000, 0x00000000c3d00000, 0x00000000c3e00000|  0%| F|  |TAMS 0x00000000c3d00000, 0x00000000c3d00000| Untracked 
|  18|0x00000000c3e00000, 0x00000000c3e00000, 0x00000000c3f00000|  0%| F|  |TAMS 0x00000000c3e00000, 0x00000000c3e00000| Untracked 
|  19|0x00000000c3f00000, 0x00000000c3f00000, 0x00000000c4000000|  0%| F|  |TAMS 0x00000000c3f00000, 0x00000000c3f00000| Untracked 
|  20|0x00000000c4000000, 0x00000000c4000000, 0x00000000c4100000|  0%| F|  |TAMS 0x00000000c4000000, 0x00000000c4000000| Untracked 
|  21|0x00000000c4100000, 0x00000000c4100000, 0x00000000c4200000|  0%| F|  |TAMS 0x00000000c4100000, 0x00000000c4100000| Untracked 
|  22|0x00000000c4200000, 0x00000000c4200000, 0x00000000c4300000|  0%| F|  |TAMS 0x00000000c4200000, 0x00000000c4200000| Untracked 
|  23|0x00000000c4300000, 0x00000000c4300000, 0x00000000c4400000|  0%| F|  |TAMS 0x00000000c4300000, 0x00000000c4300000| Untracked 
|  24|0x00000000c4400000, 0x00000000c4400000, 0x00000000c4500000|  0%| F|  |TAMS 0x00000000c4400000, 0x00000000c4400000| Untracked 
|  25|0x00000000c4500000, 0x00000000c4500000, 0x00000000c4600000|  0%| F|  |TAMS 0x00000000c4500000, 0x00000000c4500000| Untracked 
|  26|0x00000000c4600000, 0x00000000c4600000, 0x00000000c4700000|  0%| F|  |TAMS 0x00000000c4600000, 0x00000000c4600000| Untracked 
|  27|0x00000000c4700000, 0x00000000c4700000, 0x00000000c4800000|  0%| F|  |TAMS 0x00000000c4700000, 0x00000000c4700000| Untracked 
|  28|0x00000000c4800000, 0x00000000c4800000, 0x00000000c4900000|  0%| F|  |TAMS 0x00000000c4800000, 0x00000000c4800000| Untracked 
|  29|0x00000000c4900000, 0x00000000c4900000, 0x00000000c4a00000|  0%| F|  |TAMS 0x00000000c4900000, 0x00000000c4900000| Untracked 
|  30|0x00000000c4a00000, 0x00000000c4a00000, 0x00000000c4b00000|  0%| F|  |TAMS 0x00000000c4a00000, 0x00000000c4a00000| Untracked 
|  31|0x00000000c4b00000, 0x00000000c4b00000, 0x00000000c4c00000|  0%| F|  |TAMS 0x00000000c4b00000, 0x00000000c4b00000| Untracked 
|  32|0x00000000c4c00000, 0x00000000c4c00000, 0x00000000c4d00000|  0%| F|  |TAMS 0x00000000c4c00000, 0x00000000c4c00000| Untracked 
|  33|0x00000000c4d00000, 0x00000000c4d00000, 0x00000000c4e00000|  0%| F|  |TAMS 0x00000000c4d00000, 0x00000000c4d00000| Untracked 
|  34|0x00000000c4e00000, 0x00000000c4e00000, 0x00000000c4f00000|  0%| F|  |TAMS 0x00000000c4e00000, 0x00000000c4e00000| Untracked 
|  35|0x00000000c4f00000, 0x00000000c4f00000, 0x00000000c5000000|  0%| F|  |TAMS 0x00000000c4f00000, 0x00000000c4f00000| Untracked 
|  36|0x00000000c5000000, 0x00000000c5000000, 0x00000000c5100000|  0%| F|  |TAMS 0x00000000c5000000, 0x00000000c5000000| Untracked 
|  37|0x00000000c5100000, 0x00000000c5100000, 0x00000000c5200000|  0%| F|  |TAMS 0x00000000c5100000, 0x00000000c5100000| Untracked 
|  38|0x00000000c5200000, 0x00000000c5200000, 0x00000000c5300000|  0%| F|  |TAMS 0x00000000c5200000, 0x00000000c5200000| Untracked 
|  39|0x00000000c5300000, 0x00000000c5300000, 0x00000000c5400000|  0%| F|  |TAMS 0x00000000c5300000, 0x00000000c5300000| Untracked 
|  40|0x00000000c5400000, 0x00000000c5400000, 0x00000000c5500000|  0%| F|  |TAMS 0x00000000c5400000, 0x00000000c5400000| Untracked 
|  41|0x00000000c5500000, 0x00000000c5500000, 0x00000000c5600000|  0%| F|  |TAMS 0x00000000c5500000, 0x00000000c5500000| Untracked 
|  42|0x00000000c5600000, 0x00000000c5600000, 0x00000000c5700000|  0%| F|  |TAMS 0x00000000c5600000, 0x00000000c5600000| Untracked 
|  43|0x00000000c5700000, 0x00000000c5700000, 0x00000000c5800000|  0%| F|  |TAMS 0x00000000c5700000, 0x00000000c5700000| Untracked 
|  44|0x00000000c5800000, 0x00000000c5800000, 0x00000000c5900000|  0%| F|  |TAMS 0x00000000c5800000, 0x00000000c5800000| Untracked 
|  45|0x00000000c5900000, 0x00000000c5900000, 0x00000000c5a00000|  0%| F|  |TAMS 0x00000000c5900000, 0x00000000c5900000| Untracked 
|  46|0x00000000c5a00000, 0x00000000c5a00000, 0x00000000c5b00000|  0%| F|  |TAMS 0x00000000c5a00000, 0x00000000c5a00000| Untracked 
|  47|0x00000000c5b00000, 0x00000000c5b00000, 0x00000000c5c00000|  0%| F|  |TAMS 0x00000000c5b00000, 0x00000000c5b00000| Untracked 
|  48|0x00000000c5c00000, 0x00000000c5c00000, 0x00000000c5d00000|  0%| F|  |TAMS 0x00000000c5c00000, 0x00000000c5c00000| Untracked 
|  49|0x00000000c5d00000, 0x00000000c5d00000, 0x00000000c5e00000|  0%| F|  |TAMS 0x00000000c5d00000, 0x00000000c5d00000| Untracked 
|  50|0x00000000c5e00000, 0x00000000c5e00000, 0x00000000c5f00000|  0%| F|  |TAMS 0x00000000c5e00000, 0x00000000c5e00000| Untracked 
|  51|0x00000000c5f00000, 0x00000000c5f00000, 0x00000000c6000000|  0%| F|  |TAMS 0x00000000c5f00000, 0x00000000c5f00000| Untracked 
|  52|0x00000000c6000000, 0x00000000c6000000, 0x00000000c6100000|  0%| F|  |TAMS 0x00000000c6000000, 0x00000000c6000000| Untracked 
|  53|0x00000000c6100000, 0x00000000c6100000, 0x00000000c6200000|  0%| F|  |TAMS 0x00000000c6100000, 0x00000000c6100000| Untracked 
|  54|0x00000000c6200000, 0x00000000c6200000, 0x00000000c6300000|  0%| F|  |TAMS 0x00000000c6200000, 0x00000000c6200000| Untracked 
|  55|0x00000000c6300000, 0x00000000c6300000, 0x00000000c6400000|  0%| F|  |TAMS 0x00000000c6300000, 0x00000000c6300000| Untracked 
|  56|0x00000000c6400000, 0x00000000c6400000, 0x00000000c6500000|  0%| F|  |TAMS 0x00000000c6400000, 0x00000000c6400000| Untracked 
|  57|0x00000000c6500000, 0x00000000c6500000, 0x00000000c6600000|  0%| F|  |TAMS 0x00000000c6500000, 0x00000000c6500000| Untracked 
|  58|0x00000000c6600000, 0x00000000c6600000, 0x00000000c6700000|  0%| F|  |TAMS 0x00000000c6600000, 0x00000000c6600000| Untracked 
|  59|0x00000000c6700000, 0x00000000c6700000, 0x00000000c6800000|  0%| F|  |TAMS 0x00000000c6700000, 0x00000000c6700000| Untracked 
|  60|0x00000000c6800000, 0x00000000c6800000, 0x00000000c6900000|  0%| F|  |TAMS 0x00000000c6800000, 0x00000000c6800000| Untracked 
|  61|0x00000000c6900000, 0x00000000c6947bb0, 0x00000000c6a00000| 28%| E|  |TAMS 0x00000000c6900000, 0x00000000c6900000| Complete 

Card table byte_map: [0x000002104a8a0000,0x000002104aa90000] _byte_map_base: 0x000002104a28a000

Marking Bits (Prev, Next): (CMBitMap*) 0x000002104aafdde8, (CMBitMap*) 0x000002104aafde20
 Prev Bits: [0x0000021061ff0000, 0x0000021062f40000)
 Next Bits: [0x0000021062f40000, 0x0000021063e90000)

Polling page: 0x0000021048880000

Metaspace:

Usage:
  Non-class:      1.38 MB capacity,     1.35 MB ( 98%) used,    28.77 KB (  2%) free+waste,     1.50 KB ( <1%) overhead. 
      Class:    384.00 KB capacity,   119.30 KB ( 31%) used,   264.63 KB ( 69%) free+waste,    64 bytes ( <1%) overhead. 
       Both:      1.76 MB capacity,     1.47 MB ( 84%) used,   293.41 KB ( 16%) free+waste,     1.56 KB ( <1%) overhead. 

Virtual space:
  Non-class space:       12.00 MB reserved,       1.50 MB ( 13%) committed 
      Class space:        1.00 GB reserved,     384.00 KB ( <1%) committed 
             Both:        1.01 GB reserved,       1.88 MB ( <1%) committed 

Chunk freelists:
   Non-Class:  7.00 KB
       Class:  0 bytes
        Both:  7.00 KB

CodeHeap 'non-profiled nmethods': size=120064Kb used=0Kb max_used=0Kb free=120064Kb
 bounds [0x000002105a8c0000, 0x000002105ab30000, 0x0000021061e00000]
CodeHeap 'profiled nmethods': size=120000Kb used=0Kb max_used=0Kb free=120000Kb
 bounds [0x0000021053390000, 0x0000021053600000, 0x000002105a8c0000]
CodeHeap 'non-nmethods': size=5696Kb used=350Kb max_used=350Kb free=5345Kb
 bounds [0x0000021052e00000, 0x0000021053070000, 0x0000021053390000]
 total_blobs=135 nmethods=0 adapters=93
 compilation: enabled
              stopped_count=0, restarted_count=0
 full_count=0

Compilation events (0 events):
No events

GC Heap History (0 events):
No events

Deoptimization events (0 events):
No events

Classes redefined (0 events):
No events

Internal exceptions (0 events):
No events

Events (10 events):
Event: 0.085 loading class jdk/internal/misc/JavaLangRefAccess
Event: 0.085 loading class jdk/internal/misc/JavaLangRefAccess done
Event: 0.086 loading class java/lang/ref/Reference$1 done
Event: 0.086 loading class jdk/internal/misc/SharedSecrets
Event: 0.086 loading class jdk/internal/misc/SharedSecrets done
Event: 0.086 loading class java/lang/ref/Finalizer$FinalizerThread
Event: 0.086 loading class java/lang/ref/Finalizer$FinalizerThread done
Event: 0.086 Thread 0x0000021066a12000 Thread added: 0x0000021066a12000
Event: 0.087 loading class jdk/internal/misc/VM
Event: 0.087 loading class jdk/internal/misc/VM done


Dynamic libraries:
0x00007ff7c4e00000 - 0x00007ff7c4e47000 	C:\Program Files\Java\jdk-11.0.2\bin\java.exe
0x00007ffa6e440000 - 0x00007ffa6e630000 	C:\WINDOWS\SYSTEM32\ntdll.dll
0x00007ffa6dc40000 - 0x00007ffa6dcf2000 	C:\WINDOWS\System32\KERNEL32.DLL
0x00007ffa6c040000 - 0x00007ffa6c2e3000 	C:\WINDOWS\System32\KERNELBASE.dll
0x00007ffa6ce70000 - 0x00007ffa6cf13000 	C:\WINDOWS\System32\ADVAPI32.dll
0x00007ffa6cc30000 - 0x00007ffa6ccce000 	C:\WINDOWS\System32\msvcrt.dll
0x00007ffa6c550000 - 0x00007ffa6c5e7000 	C:\WINDOWS\System32\sechost.dll
0x00007ffa6dd00000 - 0x00007ffa6de20000 	C:\WINDOWS\System32\RPCRT4.dll
0x00007ffa6ccd0000 - 0x00007ffa6ce64000 	C:\WINDOWS\System32\USER32.dll
0x00007ffa6c010000 - 0x00007ffa6c031000 	C:\WINDOWS\System32\win32u.dll
0x00007ffa6de20000 - 0x00007ffa6de46000 	C:\WINDOWS\System32\GDI32.dll
0x00007ffa6b500000 - 0x00007ffa6b694000 	C:\WINDOWS\System32\gdi32full.dll
0x00007ffa6c450000 - 0x00007ffa6c4ee000 	C:\WINDOWS\System32\msvcp_win.dll
0x00007ffa6c2f0000 - 0x00007ffa6c3ea000 	C:\WINDOWS\System32\ucrtbase.dll
0x00007ffa55e80000 - 0x00007ffa56105000 	C:\WINDOWS\WinSxS\amd64_microsoft.windows.common-controls_6595b64144ccf1df_6.0.18362.592_none_e6c0b1911312be02\COMCTL32.dll
0x00007ffa58ea0000 - 0x00007ffa58eaa000 	C:\WINDOWS\SYSTEM32\VERSION.dll
0x00007ffa6d0d0000 - 0x00007ffa6d406000 	C:\WINDOWS\System32\combase.dll
0x00007ffa6b480000 - 0x00007ffa6b500000 	C:\WINDOWS\System32\bcryptPrimitives.dll
0x00007ffa6d520000 - 0x00007ffa6d54e000 	C:\WINDOWS\System32\IMM32.DLL
0x00007ffa5f6c0000 - 0x00007ffa5f6d6000 	C:\Program Files\Java\jdk-11.0.2\bin\vcruntime140.dll
0x00007ffa43520000 - 0x00007ffa435ca000 	C:\Program Files\Java\jdk-11.0.2\bin\msvcp140.dll
0x00007ffa11cc0000 - 0x00007ffa127e7000 	C:\Program Files\Java\jdk-11.0.2\bin\server\jvm.dll
0x00007ffa6e2c0000 - 0x00007ffa6e2c8000 	C:\WINDOWS\System32\PSAPI.DLL
0x00007ffa69880000 - 0x00007ffa69889000 	C:\WINDOWS\SYSTEM32\WSOCK32.dll
0x00007ffa6cff0000 - 0x00007ffa6d05f000 	C:\WINDOWS\System32\WS2_32.dll
0x00007ffa68cd0000 - 0x00007ffa68cf4000 	C:\WINDOWS\SYSTEM32\WINMM.dll
0x00007ffa68ca0000 - 0x00007ffa68ccd000 	C:\WINDOWS\SYSTEM32\winmmbase.dll
0x00007ffa6bfc0000 - 0x00007ffa6c00a000 	C:\WINDOWS\System32\cfgmgr32.dll
0x00007ffa6b320000 - 0x00007ffa6b331000 	C:\WINDOWS\System32\kernel.appcore.dll
0x00007ffa5de20000 - 0x00007ffa5de31000 	C:\Program Files\Java\jdk-11.0.2\bin\verify.dll
0x00007ffa69c50000 - 0x00007ffa69e44000 	C:\WINDOWS\SYSTEM32\DBGHELP.DLL
0x00007ffa56860000 - 0x00007ffa5688a000 	C:\WINDOWS\SYSTEM32\dbgcore.DLL
0x00007ffa53850000 - 0x00007ffa53879000 	C:\Program Files\Java\jdk-11.0.2\bin\java.dll
0x00007ffa5c8e0000 - 0x00007ffa5c8f6000 	C:\Program Files\Java\jdk-11.0.2\bin\zip.dll
0x00007ffa64cb0000 - 0x00007ffa64cba000 	C:\Program Files\Java\jdk-11.0.2\bin\jimage.dll

dbghelp: loaded successfully - version: 4.0.5 - missing functions: none
symbol engine: initialized successfully - sym options: 0x614 - pdb path: .;C:\Program Files\Java\jdk-11.0.2\bin;C:\WINDOWS\SYSTEM32;C:\WINDOWS\WinSxS\amd64_microsoft.windows.common-controls_6595b64144ccf1df_6.0.18362.592_none_e6c0b1911312be02;C:\Program Files\Java\jdk-11.0.2\bin\server

VM Arguments:
jvm_args: -Dclassworlds.conf=C:\Program Files\NetBeans-11.1\netbeans\java\maven\bin\m2.conf -Dmaven.home=C:\Program Files\NetBeans-11.1\netbeans\java\maven -Dmaven.multiModuleProjectDirectory=C:\Users\Sarah\Desktop\banksim-multithreading-02-noshin-taraska-team 
java_command: org.codehaus.plexus.classworlds.launcher.Launcher -Dmaven.ext.class.path=C:\Program Files\NetBeans-11.1\netbeans\java\maven-nblib\netbeans-eventspy.jar -Dfile.encoding=UTF-8 clean install
java_class_path (initial): C:\Program Files\NetBeans-11.1\netbeans\java\maven\boot\plexus-classworlds-2.5.2.jar
Launcher Type: SUN_STANDARD

[Global flags]
     intx CICompilerCount                          = 2                                         {product} {ergonomic}
     uint ConcGCThreads                            = 1                                         {product} {ergonomic}
     uint G1ConcRefinementThreads                  = 2                                         {product} {ergonomic}
   size_t G1HeapRegionSize                         = 1048576                                   {product} {ergonomic}
    uintx GCDrainStackTargetSize                   = 64                                        {product} {ergonomic}
   size_t InitialHeapSize                          = 65011712                                  {product} {ergonomic}
   size_t MarkStackSize                            = 4194304                                   {product} {ergonomic}
   size_t MaxHeapSize                              = 1027604480                                {product} {ergonomic}
   size_t MaxNewSize                               = 616562688                                 {product} {ergonomic}
   size_t MinHeapDeltaBytes                        = 1048576                                   {product} {ergonomic}
    uintx NonNMethodCodeHeapSize                   = 5824844                                {pd product} {ergonomic}
    uintx NonProfiledCodeHeapSize                  = 122916698                              {pd product} {ergonomic}
    uintx ProfiledCodeHeapSize                     = 122916698                              {pd product} {ergonomic}
    uintx ReservedCodeCacheSize                    = 251658240                              {pd product} {ergonomic}
     bool SegmentedCodeCache                       = true                                      {product} {ergonomic}
     bool UseCompressedClassPointers               = true                                 {lp64_product} {ergonomic}
     bool UseCompressedOops                        = true                                 {lp64_product} {ergonomic}
     bool UseG1GC                                  = true                                      {product} {ergonomic}
     bool UseLargePagesIndividualAllocation        = false                                  {pd product} {ergonomic}

Logging:
Log output configuration:
 #0: stdout all=warning uptime,level,tags
 #1: stderr all=off uptime,level,tags

Environment Variables:
JAVA_HOME=C:\Program Files\Java\jdk-11.0.2
PATH=C:\MinGW\bin;C:\MinGW\libexec\gcc\x86_64-w64-mingw32\8.1.0;C:\Program Files (x86)\Common Files\Oracle\Java\javapath;C:\WINDOWS\system32;C:\WINDOWS;C:\WINDOWS\System32\Wbem;C:\WINDOWS\System32\WindowsPowerShell\v1.0\;C:\WINDOWS\System32\OpenSSH\;C:\Program Files\PuTTY\;C:\cygwin64;C:\Program Files\Git\cmd;C:\Users\Sarah\AppData\Local\Microsoft\WindowsApps;C:\Users\Sarah\AppData\Local\atom\bin;C:\MinGW\bin;;%USERPROFILE%\AppData\Local\Microsoft\WindowsApps
USERNAME=Sarah
OS=Windows_NT
PROCESSOR_IDENTIFIER=Intel64 Family 6 Model 122 Stepping 1, GenuineIntel



---------------  S Y S T E M  ---------------

OS: Windows 10 , 64 bit Build 18362 (10.0.18362.329)

CPU:total 2 (initial active 2) (2 cores per cpu, 1 threads per core) family 6 model 122 stepping 1, cmov, cx8, fxsr, mmx, sse, sse2, sse3, ssse3, sse4.1, sse4.2, popcnt, aes, clmul, erms, 3dnowpref, tsc, tscinvbit, sha

Memory: 4k page, system-wide physical 3919M (760M free)
TotalPageFile size 11239M (AvailPageFile size 4M)
current process WorkingSet (physical memory assigned to process): 18M, peak: 18M
current process commit charge ("private bytes"): 116M, peak: 117M

vm_info: Java HotSpot(TM) 64-Bit Server VM (11.0.2+9-LTS) for windows-amd64 JRE (11.0.2+9-LTS), built on Jan 18 2019 05:24:10 by "mach5one" with MS VC++ 15.5 (VS2017)

END.
